<?xml version="1.0" encoding="UTF-8"?>
<testng-results ignored="0" total="1" passed="1" failed="0" skipped="0">
  <reporter-output>
  </reporter-output>
  <suite started-at="2021-10-05T15:37:55Z" name="All Test Suite" finished-at="2021-10-05T15:38:46Z" duration-ms="51797">
    <groups>
    </groups>
    <test started-at="2021-10-05T15:37:55Z" name="E:/study/OrangeHRMtests/src/test/java/tests/Tests.java" finished-at="2021-10-05T15:38:46Z" duration-ms="51797">
      <class name="tests.Tests">
        <test-method is-config="true" signature="setUp()[pri:0, instance:tests.Tests@61eaec38]" started-at="2021-10-05T15:37:55Z" name="setUp" finished-at="2021-10-05T15:38:10Z" duration-ms="14813" status="PASS">
          <reporter-output>
          </reporter-output>
        </test-method> <!-- setUp -->
        <test-method is-config="true" signature="callPages()[pri:0, instance:tests.Tests@61eaec38]" started-at="2021-10-05T15:38:10Z" name="callPages" finished-at="2021-10-05T15:38:10Z" duration-ms="5" status="PASS">
          <reporter-output>
          </reporter-output>
        </test-method> <!-- callPages -->
        <test-method signature="tc_1AddNewUserAndVerifyAdded()[pri:0, instance:tests.Tests@61eaec38]" started-at="2021-10-05T15:38:10Z" name="tc_1AddNewUserAndVerifyAdded" finished-at="2021-10-05T15:38:41Z" duration-ms="30605" status="PASS">
          <reporter-output>
          </reporter-output>
        </test-method> <!-- tc_1AddNewUserAndVerifyAdded -->
        <test-method is-config="true" signature="tearDown()[pri:0, instance:tests.Tests@61eaec38]" started-at="2021-10-05T15:38:41Z" name="tearDown" finished-at="2021-10-05T15:38:46Z" duration-ms="5802" status="PASS">
          <reporter-output>
          </reporter-output>
        </test-method> <!-- tearDown -->
      </class> <!-- tests.Tests -->
    </test> <!-- E:/study/OrangeHRMtests/src/test/java/tests/Tests.java -->
  </suite> <!-- All Test Suite -->
</testng-results>
